###############################################################
#  Generated by:      Cadence Innovus 20.14-s095_1
#  OS:                Linux x86_64(Host ID cadencesystem24.cbit.ac.in)
#  Generated on:      Mon Feb  9 14:39:57 2026
#  Design:            up_down_top
#  Command:           report_timing > timing_pnr.rpt
###############################################################
Path 1: MET Hold Check with Pin u1/count_reg[0]/CP 
Endpoint:   u1/count_reg[0]/D  (v) checked with  leading edge of 'clk'
Beginpoint: u1/count_reg[0]/QN (v) triggered by  leading edge of 'clk'
Path Groups: {clk}
Analysis View: bc
Other End Arrival Time          0.000
+ Hold                         -0.002
+ Phase Shift                   0.000
- CPPR Adjustment               0.001
+ Uncertainty                   0.200
= Required Time                 0.198
  Arrival Time                  0.211
  Slack Time                    0.013
     Clock Rise Edge                 0.000
     + Clock Network Latency (Prop)  -0.000
     = Beginpoint Arrival Time       -0.000
     +------------------------------------------------------------------------------------------------------------+ 
     |       Instance        |     Arc      |          Net          |  Cell  |  Slew | Delay | Arrival | Required | 
     |                       |              |                       |        |       |       |  Time   |   Time   | 
     |-----------------------+--------------+-----------------------+--------+-------+-------+---------+----------| 
     | u1/count_reg[0]       | CP ^         | u1/CTS_1              |        | 0.030 |       |  -0.000 |   -0.013 | 
     | u1/count_reg[0]       | CP ^ -> QN v | u1/count[0]_24        | dfcrb1 | 0.044 | 0.142 |   0.142 |    0.129 | 
     | u1/FE_PHC0_count_0_24 | I v -> Z v   | u1/FE_PHN0_count_0_24 | buffd1 | 0.035 | 0.069 |   0.211 |    0.198 | 
     | u1/count_reg[0]       | D v          |                       | dfcrb1 | 0.035 | 0.000 |   0.211 |    0.198 | 
     +------------------------------------------------------------------------------------------------------------+ 

